<?xml version="1.0" encoding="UTF-8"?>
<!-- Generated by org.testng.reporters.JUnitReportReporter -->
<testsuite hostname="LAPTOP-DJBK0729" failures="0" tests="15" name="testhome.TestSelectPage" time="15.423" errors="1" timestamp="2020-02-18T22:52:08 EST" skipped="14">
  <testcase classname="testhome.TestSelectPage" name="mouseHoverInsurancePolicy" time="0.000">
    <skipped/>
  </testcase> <!-- mouseHoverInsurancePolicy -->
  <system-out/>
  <testcase classname="testhome.TestSelectPage" name="getTextClaims6" time="0.000">
    <skipped/>
  </testcase> <!-- getTextClaims6 -->
  <system-out/>
  <testcase classname="testhome.TestSelectPage" name="clickONSelectState" time="0.000">
    <skipped/>
  </testcase> <!-- clickONSelectState -->
  <system-out/>
  <testcase classname="testhome.TestSelectPage" name="getTextClaims" time="0.000">
    <skipped/>
  </testcase> <!-- getTextClaims -->
  <system-out/>
  <testcase classname="testhome.TestSelectPage" name="setUp" time="15.423">
    <error message="session not created
from chrome not reachable
  (Session info: chrome=80.0.3987.116)
Build info: version: &#039;3.141.59&#039;, revision: &#039;e82be7d358&#039;, time: &#039;2018-11-14T08:17:03&#039;
System info: host: &#039;LAPTOP-DJBK0729&#039;, ip: &#039;192.168.56.1&#039;, os.name: &#039;Windows 10&#039;, os.arch: &#039;amd64&#039;, os.version: &#039;10.0&#039;, java.version: &#039;13.0.1&#039;
Driver info: driver.version: ChromeDriver
remote stacktrace: Backtrace:
	Ordinal0 [0x00B90AE3+1706723]
	Ordinal0 [0x00AF68C1+1075393]
	Ordinal0 [0x00A6DE52+515666]
	Ordinal0 [0x00A67C88+490632]
	Ordinal0 [0x00A6837B+492411]
	Ordinal0 [0x00A692D5+496341]
	Ordinal0 [0x00A64EE5+478949]
	Ordinal0 [0x00A6EC80+519296]
	Ordinal0 [0x00A1CA67+182887]
	Ordinal0 [0x00A1BDDD+179677]
	Ordinal0 [0x00A19D4B+171339]
	Ordinal0 [0x00A01D4A+73034]
	Ordinal0 [0x00A02DC0+77248]
	Ordinal0 [0x00A02D59+77145]
	Ordinal0 [0x00B0BB37+1162039]
	GetHandleVerifier [0x00C2A7C6+508998]
	GetHandleVerifier [0x00C2A504+508292]
	GetHandleVerifier [0x00C3F617+594583]
	GetHandleVerifier [0x00C2B036+511158]
	Ordinal0 [0x00B03FFC+1130492]
	Ordinal0 [0x00B0D49B+1168539]
	Ordinal0 [0x00B0D603+1168899]
	Ordinal0 [0x00B25B05+1268485]
	BaseThreadInitThunk [0x76C26359+25]
	RtlGetAppContainerNamedObjectPath [0x772F7B74+228]
	RtlGetAppContainerNamedObjectPath [0x772F7B44+180]
" type="org.openqa.selenium.SessionNotCreatedException">
      <![CDATA[org.openqa.selenium.SessionNotCreatedException: session not created
from chrome not reachable
  (Session info: chrome=80.0.3987.116)
Build info: version: '3.141.59', revision: 'e82be7d358', time: '2018-11-14T08:17:03'
System info: host: 'LAPTOP-DJBK0729', ip: '192.168.56.1', os.name: 'Windows 10', os.arch: 'amd64', os.version: '10.0', java.version: '13.0.1'
Driver info: driver.version: ChromeDriver
remote stacktrace: Backtrace:
Ordinal0 [0x00B90AE3+1706723]
Ordinal0 [0x00AF68C1+1075393]
Ordinal0 [0x00A6DE52+515666]
Ordinal0 [0x00A67C88+490632]
Ordinal0 [0x00A6837B+492411]
Ordinal0 [0x00A692D5+496341]
Ordinal0 [0x00A64EE5+478949]
Ordinal0 [0x00A6EC80+519296]
Ordinal0 [0x00A1CA67+182887]
Ordinal0 [0x00A1BDDD+179677]
Ordinal0 [0x00A19D4B+171339]
Ordinal0 [0x00A01D4A+73034]
Ordinal0 [0x00A02DC0+77248]
Ordinal0 [0x00A02D59+77145]
Ordinal0 [0x00B0BB37+1162039]
GetHandleVerifier [0x00C2A7C6+508998]
GetHandleVerifier [0x00C2A504+508292]
GetHandleVerifier [0x00C3F617+594583]
GetHandleVerifier [0x00C2B036+511158]
Ordinal0 [0x00B03FFC+1130492]
Ordinal0 [0x00B0D49B+1168539]
Ordinal0 [0x00B0D603+1168899]
Ordinal0 [0x00B25B05+1268485]
BaseThreadInitThunk [0x76C26359+25]
RtlGetAppContainerNamedObjectPath [0x772F7B74+228]
RtlGetAppContainerNamedObjectPath [0x772F7B44+180]

at java.base/jdk.internal.reflect.NativeConstructorAccessorImpl.newInstance0(Native Method)
at java.base/jdk.internal.reflect.NativeConstructorAccessorImpl.newInstance(NativeConstructorAccessorImpl.java:62)
at java.base/jdk.internal.reflect.DelegatingConstructorAccessorImpl.newInstance(DelegatingConstructorAccessorImpl.java:45)
at java.base/java.lang.reflect.Constructor.newInstanceWithCaller(Constructor.java:500)
at java.base/java.lang.reflect.Constructor.newInstance(Constructor.java:481)
at org.openqa.selenium.remote.W3CHandshakeResponse.lambda$errorHandler$0(W3CHandshakeResponse.java:62)
at org.openqa.selenium.remote.HandshakeResponse.lambda$getResponseFunction$0(HandshakeResponse.java:30)
at org.openqa.selenium.remote.ProtocolHandshake.lambda$createSession$0(ProtocolHandshake.java:126)
at java.base/java.util.stream.ReferencePipeline$3$1.accept(ReferencePipeline.java:195)
at java.base/java.util.Spliterators$ArraySpliterator.tryAdvance(Spliterators.java:958)
at java.base/java.util.stream.ReferencePipeline.forEachWithCancel(ReferencePipeline.java:127)
at java.base/java.util.stream.AbstractPipeline.copyIntoWithCancel(AbstractPipeline.java:502)
at java.base/java.util.stream.AbstractPipeline.copyInto(AbstractPipeline.java:488)
at java.base/java.util.stream.AbstractPipeline.wrapAndCopyInto(AbstractPipeline.java:474)
at java.base/java.util.stream.FindOps$FindOp.evaluateSequential(FindOps.java:150)
at java.base/java.util.stream.AbstractPipeline.evaluate(AbstractPipeline.java:234)
at java.base/java.util.stream.ReferencePipeline.findFirst(ReferencePipeline.java:543)
at org.openqa.selenium.remote.ProtocolHandshake.createSession(ProtocolHandshake.java:128)
at org.openqa.selenium.remote.ProtocolHandshake.createSession(ProtocolHandshake.java:74)
at org.openqa.selenium.remote.HttpCommandExecutor.execute(HttpCommandExecutor.java:136)
at org.openqa.selenium.remote.service.DriverCommandExecutor.execute(DriverCommandExecutor.java:83)
at org.openqa.selenium.remote.RemoteWebDriver.execute(RemoteWebDriver.java:552)
at org.openqa.selenium.remote.RemoteWebDriver.startSession(RemoteWebDriver.java:213)
at org.openqa.selenium.remote.RemoteWebDriver.<init>(RemoteWebDriver.java:131)
at org.openqa.selenium.chrome.ChromeDriver.<init>(ChromeDriver.java:181)
at org.openqa.selenium.chrome.ChromeDriver.<init>(ChromeDriver.java:168)
at org.openqa.selenium.chrome.ChromeDriver.<init>(ChromeDriver.java:157)
at common.WebAPI.getLocalDriver(WebAPI.java:149)
at common.WebAPI.setUp(WebAPI.java:124)
at java.base/jdk.internal.reflect.NativeMethodAccessorImpl.invoke0(Native Method)
at java.base/jdk.internal.reflect.NativeMethodAccessorImpl.invoke(NativeMethodAccessorImpl.java:62)
at java.base/jdk.internal.reflect.DelegatingMethodAccessorImpl.invoke(DelegatingMethodAccessorImpl.java:43)
at java.base/java.lang.reflect.Method.invoke(Method.java:567)
at org.testng.internal.MethodInvocationHelper.invokeMethod(MethodInvocationHelper.java:134)
at org.testng.internal.MethodInvocationHelper.invokeMethodConsideringTimeout(MethodInvocationHelper.java:63)
at org.testng.internal.ConfigInvoker.invokeConfigurationMethod(ConfigInvoker.java:348)
at org.testng.internal.ConfigInvoker.invokeConfigurations(ConfigInvoker.java:302)
at org.testng.internal.TestInvoker.runConfigMethods(TestInvoker.java:695)
at org.testng.internal.TestInvoker.invokeMethod(TestInvoker.java:523)
at org.testng.internal.TestInvoker.invokeTestMethod(TestInvoker.java:173)
at org.testng.internal.MethodRunner.runInSequence(MethodRunner.java:46)
at org.testng.internal.TestInvoker$MethodInvocationAgent.invoke(TestInvoker.java:816)
at org.testng.internal.TestInvoker.invokeTestMethods(TestInvoker.java:146)
at org.testng.internal.TestMethodWorker.invokeTestMethods(TestMethodWorker.java:146)
at org.testng.internal.TestMethodWorker.run(TestMethodWorker.java:128)
at java.base/java.util.ArrayList.forEach(ArrayList.java:1507)
at org.testng.TestRunner.privateRun(TestRunner.java:766)
at org.testng.TestRunner.run(TestRunner.java:587)
at org.testng.SuiteRunner.runTest(SuiteRunner.java:384)
at org.testng.SuiteRunner.runSequentially(SuiteRunner.java:378)
at org.testng.SuiteRunner.privateRun(SuiteRunner.java:337)
at org.testng.SuiteRunner.run(SuiteRunner.java:286)
at org.testng.SuiteRunnerWorker.runSuite(SuiteRunnerWorker.java:53)
at org.testng.SuiteRunnerWorker.run(SuiteRunnerWorker.java:96)
at org.testng.TestNG.runSuitesSequentially(TestNG.java:1187)
at org.testng.TestNG.runSuitesLocally(TestNG.java:1109)
at org.testng.TestNG.runSuites(TestNG.java:1039)
at org.testng.TestNG.run(TestNG.java:1007)
at org.apache.maven.surefire.testng.TestNGExecutor.run(TestNGExecutor.java:135)
at org.apache.maven.surefire.testng.TestNGDirectoryTestSuite.executeMulti(TestNGDirectoryTestSuite.java:193)
at org.apache.maven.surefire.testng.TestNGDirectoryTestSuite.execute(TestNGDirectoryTestSuite.java:94)
at org.apache.maven.surefire.testng.TestNGProvider.invoke(TestNGProvider.java:146)
at org.apache.maven.surefire.booter.ForkedBooter.runSuitesInProcess(ForkedBooter.java:377)
at org.apache.maven.surefire.booter.ForkedBooter.execute(ForkedBooter.java:138)
at org.apache.maven.surefire.booter.ForkedBooter.run(ForkedBooter.java:465)
at org.apache.maven.surefire.booter.ForkedBooter.main(ForkedBooter.java:451)
]]>
    </error>
  </testcase> <!-- setUp -->
  <system-out/>
  <testcase classname="testhome.TestSelectPage" name="getTextClaims1" time="0.000">
    <skipped/>
  </testcase> <!-- getTextClaims1 -->
  <system-out/>
  <testcase classname="testhome.TestSelectPage" name="getTextClaims7" time="0.000">
    <skipped/>
  </testcase> <!-- getTextClaims7 -->
  <system-out/>
  <testcase classname="testhome.TestSelectPage" name="getTextClaims5" time="0.000">
    <skipped/>
  </testcase> <!-- getTextClaims5 -->
  <system-out/>
  <testcase classname="testhome.TestSelectPage" name="getTextClaims2" time="0.000">
    <skipped/>
  </testcase> <!-- getTextClaims2 -->
  <system-out/>
  <testcase classname="testhome.TestSelectPage" name="getTextClaims3" time="0.000">
    <skipped/>
  </testcase> <!-- getTextClaims3 -->
  <system-out/>
  <testcase classname="testhome.TestSelectPage" name="clickOnManagePolicy" time="0.000">
    <skipped/>
  </testcase> <!-- clickOnManagePolicy -->
  <system-out/>
  <testcase classname="testhome.TestSelectPage" name="getTextClaims4" time="0.000">
    <skipped/>
  </testcase> <!-- getTextClaims4 -->
  <system-out/>
  <testcase classname="testhome.TestSelectPage" name="mouseHoverClaims" time="0.000">
    <skipped/>
  </testcase> <!-- mouseHoverClaims -->
  <system-out/>
  <testcase classname="testhome.TestSelectPage" name="clickOnGo" time="0.000">
    <skipped/>
  </testcase> <!-- clickOnGo -->
  <system-out/>
  <testcase classname="testhome.TestSelectPage" name="getTextInsurance" time="0.000">
    <skipped/>
  </testcase> <!-- getTextInsurance -->
  <system-out/>
</testsuite> <!-- testhome.TestSelectPage -->
